<?xml version="1.0" encoding="UTF-8"?>
<!-- Generated by org.testng.reporters.JUnitReportReporter -->
<testsuite hostname="DESKTOP-4G6V73A" failures="0" tests="4" name="TestLayer.RegisterSucessTest" time="0.131" errors="0" timestamp="2022-11-29T09:23:50 IST" skipped="0">
  <testcase classname="TestLayer.RegisterSucessTest" name="validateSucessPageUrl" time="0.014"/>
  <system-out/>
  <testcase classname="TestLayer.RegisterSucessTest" name="validateFirstName" time="0.065"/>
  <system-out/>
  <testcase classname="TestLayer.RegisterSucessTest" name="validateLastName" time="0.021"/>
  <system-out/>
  <testcase classname="TestLayer.RegisterSucessTest" name="validateEmailId" time="0.031"/>
  <system-out/>
</testsuite> <!-- TestLayer.RegisterSucessTest -->
