<?xml version="1.0" encoding="UTF-8"?>
<!-- Generated by org.testng.reporters.JUnitReportReporter -->
<testsuite hostname="Sonali" failures="0" tests="1" name="TestLayer.RegisterPageTest" time="15.674" errors="0" timestamp="2023-01-15T22:18:29 IST" skipped="0">
  <testcase classname="TestLayer.RegisterPageTest" name="validateRegisterFunctionality" time="15.674"/>
  <system-out/>
</testsuite> <!-- TestLayer.RegisterPageTest -->
